
Exception information:

        Date: Sep 19, 2025 7:15AM

        Message: Class "Npds\Exceptions\AssetManager" not found

        Code: 0

        File: /home/nicolas/Bureau/npds_dune_n2-main/npds_dune_n2/npds/Exceptions/Handler.php

        Line: 126

        Stack trace:

        #0 /home/nicolas/Bureau/npds_dune_n2-main/npds_dune_n2/app/Exceptions/Handler.php(83): Npds\Exceptions\Handler->render()
#1 /home/nicolas/Bureau/npds_dune_n2-main/npds_dune_n2/npds/Exceptions/Handler.php(97): App\Exceptions\Handler->render()
#2 /home/nicolas/Bureau/npds_dune_n2-main/npds_dune_n2/public/index.php(161): Npds\Exceptions\Handler->handleException()
#3 /home/nicolas/Bureau/npds_dune_n2-main/npds_dune_n2/server.php(21): require_once('...')
#4 {main}

        ---------

Exception information:

        Date: Sep 19, 2025 7:15AM

        Message: Uncaught Error: Class "Npds\Exceptions\AssetManager" not found in /home/nicolas/Bureau/npds_dune_n2-main/npds_dune_n2/npds/Exceptions/Handler.php:126
Stack trace:
#0 /home/nicolas/Bureau/npds_dune_n2-main/npds_dune_n2/app/Exceptions/Handler.php(83): Npds\Exceptions\Handler->render()
#1 /home/nicolas/Bureau/npds_dune_n2-main/npds_dune_n2/npds/Exceptions/Handler.php(97): App\Exceptions\Handler->render()
#2 [internal function]: Npds\Exceptions\Handler->handleException()
#3 {main}
  thrown

        Code: 1

        File: /home/nicolas/Bureau/npds_dune_n2-main/npds_dune_n2/npds/Exceptions/Handler.php

        Line: 126

        Stack trace:

        #0 /home/nicolas/Bureau/npds_dune_n2-main/npds_dune_n2/npds/Exceptions/Handler.php(152): Npds\Exceptions\Handler->fatalExceptionFromError()
#1 [internal function]: Npds\Exceptions\Handler->handleShutdown()
#2 {main}

        ---------

Exception information:

        Date: Sep 19, 2025 7:20AM

        Message: Parse error: syntax error, unexpected identifier "Theme_NpdsBoostSK"

        Code: 0

        File: /home/nicolas/Bureau/npds_dune_n2-main/npds_dune_n2/themes/NpdsBoostSK/Views/Layouts/Default.php

        Line: 49

        Stack trace:

        #0 /home/nicolas/Bureau/npds_dune_n2-main/npds_dune_n2/npds/View/Engines/PhpEngine.php(23): Npds\View\Engines\PhpEngine->evaluatePath()
#1 /home/nicolas/Bureau/npds_dune_n2-main/npds_dune_n2/npds/View/View.php(155): Npds\View\Engines\PhpEngine->get()
#2 /home/nicolas/Bureau/npds_dune_n2-main/npds_dune_n2/npds/View/View.php(125): Npds\View\View->getContents()
#3 /home/nicolas/Bureau/npds_dune_n2-main/npds_dune_n2/npds/View/View.php(94): Npds\View\View->renderContents()
#4 /home/nicolas/Bureau/npds_dune_n2-main/npds_dune_n2/npds/Exceptions/Handler.php(136): Npds\View\View->render()
#5 /home/nicolas/Bureau/npds_dune_n2-main/npds_dune_n2/app/Exceptions/Handler.php(83): Npds\Exceptions\Handler->render()
#6 /home/nicolas/Bureau/npds_dune_n2-main/npds_dune_n2/npds/Exceptions/Handler.php(98): App\Exceptions\Handler->render()
#7 /home/nicolas/Bureau/npds_dune_n2-main/npds_dune_n2/public/index.php(161): Npds\Exceptions\Handler->handleException()
#8 /home/nicolas/Bureau/npds_dune_n2-main/npds_dune_n2/server.php(21): require_once('...')
#9 {main}

        ---------

Exception information:

        Date: Sep 19, 2025 7:20AM

        Message: syntax error, unexpected identifier "Theme_NpdsBoostSK"

        Code: 4

        File: /home/nicolas/Bureau/npds_dune_n2-main/npds_dune_n2/themes/NpdsBoostSK/Views/Layouts/Default.php

        Line: 49

        Stack trace:

        #0 /home/nicolas/Bureau/npds_dune_n2-main/npds_dune_n2/npds/Exceptions/Handler.php(151): Npds\Exceptions\Handler->fatalExceptionFromError()
#1 [internal function]: Npds\Exceptions\Handler->handleShutdown()
#2 {main}

        ---------

Exception information:

        Date: Sep 19, 2025 7:22AM

        Message: Undefined variable $Xcontent

        Code: 0

        File: /home/nicolas/Bureau/npds_dune_n2-main/npds_dune_n2/themes/NpdsBoostSK/Library/NpdsBoostSK.php

        Line: 286

        Stack trace:

        #0 /home/nicolas/Bureau/npds_dune_n2-main/npds_dune_n2/themes/NpdsBoostSK/Library/NpdsBoostSK.php(286): Npds\Exceptions\Handler->handleError()
#1 [internal function]: Themes\NpdsBoostSK\Library\NpdsBoostSK->header()
#2 /home/nicolas/Bureau/npds_dune_n2-main/npds_dune_n2/themes/NpdsBoostSK/Support/Facades/NpdsBoostSK.php(26): call_user_func_array()
#3 /home/nicolas/Bureau/npds_dune_n2-main/npds_dune_n2/themes/NpdsBoostSK/Views/Layouts/Default.php(49): Themes\NpdsBoostSK\Support\Facades\NpdsBoostSK::__callStatic()
#4 /home/nicolas/Bureau/npds_dune_n2-main/npds_dune_n2/npds/View/Engines/PhpEngine.php(61): include('...')
#5 /home/nicolas/Bureau/npds_dune_n2-main/npds_dune_n2/npds/View/Engines/PhpEngine.php(23): Npds\View\Engines\PhpEngine->evaluatePath()
#6 /home/nicolas/Bureau/npds_dune_n2-main/npds_dune_n2/npds/View/View.php(155): Npds\View\Engines\PhpEngine->get()
#7 /home/nicolas/Bureau/npds_dune_n2-main/npds_dune_n2/npds/View/View.php(125): Npds\View\View->getContents()
#8 /home/nicolas/Bureau/npds_dune_n2-main/npds_dune_n2/npds/View/View.php(94): Npds\View\View->renderContents()
#9 /home/nicolas/Bureau/npds_dune_n2-main/npds_dune_n2/npds/Exceptions/Handler.php(136): Npds\View\View->render()
#10 /home/nicolas/Bureau/npds_dune_n2-main/npds_dune_n2/app/Exceptions/Handler.php(83): Npds\Exceptions\Handler->render()
#11 /home/nicolas/Bureau/npds_dune_n2-main/npds_dune_n2/npds/Exceptions/Handler.php(98): App\Exceptions\Handler->render()
#12 /home/nicolas/Bureau/npds_dune_n2-main/npds_dune_n2/public/index.php(161): Npds\Exceptions\Handler->handleException()
#13 /home/nicolas/Bureau/npds_dune_n2-main/npds_dune_n2/server.php(21): require_once('...')
#14 {main}

        ---------

Exception information:

        Date: Sep 19, 2025 7:22AM

        Message: Uncaught ErrorException: Undefined variable $Xcontent in /home/nicolas/Bureau/npds_dune_n2-main/npds_dune_n2/themes/NpdsBoostSK/Library/NpdsBoostSK.php:286
Stack trace:
#0 /home/nicolas/Bureau/npds_dune_n2-main/npds_dune_n2/themes/NpdsBoostSK/Library/NpdsBoostSK.php(286): Npds\Exceptions\Handler->handleError()
#1 [internal function]: Themes\NpdsBoostSK\Library\NpdsBoostSK->header()
#2 /home/nicolas/Bureau/npds_dune_n2-main/npds_dune_n2/themes/NpdsBoostSK/Support/Facades/NpdsBoostSK.php(26): call_user_func_array()
#3 /home/nicolas/Bureau/npds_dune_n2-main/npds_dune_n2/themes/NpdsBoostSK/Views/Layouts/Default.php(49): Themes\NpdsBoostSK\Support\Facades\NpdsBoostSK::__callStatic()
#4 /home/nicolas/Bureau/npds_dune_n2-main/npds_dune_n2/npds/View/Engines/PhpEngine.php(61): include('...')
#5 /home/nicolas/Bureau/npds_dune_n2-main/npds_dune_n2/npds/View/Engines/PhpEngine.php(23): Npds\View\Engines\PhpEngine->evaluatePath()
#6 /home/nicolas/Bureau/npds_dune_n2-main/npds_dune_n2/npds/View/View.php(155): Npds\View\Engines\PhpEngine->get()
#7 /home/nicolas/Bureau/npds_dune_n2-main/npds_dune_n2/npds/View/View.php(125): Npds\View\View->getContents()
#8 /home/nicolas/Bureau/npds_dune_n2-main/npds_dune_n2/npds/View/View.php(94): Npds\View\View->renderContents()
#9 /home/nicolas/Bureau/npds_dune_n2-main/npds_dune_n2/npds/Exceptions/Handler.php(136): Npds\View\View->render()
#10 /home/nicolas/Bureau/npds_dune_n2-main/npds_dune_n2/app/Exceptions/Handler.php(83): Npds\Exceptions\Handler->render()
#11 /home/nicolas/Bureau/npds_dune_n2-main/npds_dune_n2/npds/Exceptions/Handler.php(98): App\Exceptions\Handler->render()
#12 [internal function]: Npds\Exceptions\Handler->handleException()
#13 {main}
  thrown

        Code: 1

        File: /home/nicolas/Bureau/npds_dune_n2-main/npds_dune_n2/themes/NpdsBoostSK/Library/NpdsBoostSK.php

        Line: 286

        Stack trace:

        #0 /home/nicolas/Bureau/npds_dune_n2-main/npds_dune_n2/npds/Exceptions/Handler.php(151): Npds\Exceptions\Handler->fatalExceptionFromError()
#1 [internal function]: Npds\Exceptions\Handler->handleShutdown()
#2 {main}

        ---------

Exception information:

        Date: Sep 19, 2025 7:23AM

        Message: Class "App\Support\Facades\Metalang" not found

        Code: 0

        File: /home/nicolas/Bureau/npds_dune_n2-main/npds_dune_n2/themes/NpdsBoostSK/Library/NpdsBoostSK.php

        Line: 314

        Stack trace:

        #0 /home/nicolas/Bureau/npds_dune_n2-main/npds_dune_n2/themes/NpdsBoostSK/Views/Layouts/Default.php(53): Themes\NpdsBoostSK\Library\NpdsBoostSK->footer()
#1 /home/nicolas/Bureau/npds_dune_n2-main/npds_dune_n2/npds/View/Engines/PhpEngine.php(61): include('...')
#2 /home/nicolas/Bureau/npds_dune_n2-main/npds_dune_n2/npds/View/Engines/PhpEngine.php(23): Npds\View\Engines\PhpEngine->evaluatePath()
#3 /home/nicolas/Bureau/npds_dune_n2-main/npds_dune_n2/npds/View/View.php(155): Npds\View\Engines\PhpEngine->get()
#4 /home/nicolas/Bureau/npds_dune_n2-main/npds_dune_n2/npds/View/View.php(125): Npds\View\View->getContents()
#5 /home/nicolas/Bureau/npds_dune_n2-main/npds_dune_n2/npds/View/View.php(94): Npds\View\View->renderContents()
#6 /home/nicolas/Bureau/npds_dune_n2-main/npds_dune_n2/npds/Exceptions/Handler.php(136): Npds\View\View->render()
#7 /home/nicolas/Bureau/npds_dune_n2-main/npds_dune_n2/app/Exceptions/Handler.php(83): Npds\Exceptions\Handler->render()
#8 /home/nicolas/Bureau/npds_dune_n2-main/npds_dune_n2/npds/Exceptions/Handler.php(98): App\Exceptions\Handler->render()
#9 /home/nicolas/Bureau/npds_dune_n2-main/npds_dune_n2/public/index.php(161): Npds\Exceptions\Handler->handleException()
#10 /home/nicolas/Bureau/npds_dune_n2-main/npds_dune_n2/server.php(21): require_once('...')
#11 {main}

        ---------

Exception information:

        Date: Sep 19, 2025 7:23AM

        Message: Uncaught Error: Class "App\Support\Facades\Metalang" not found in /home/nicolas/Bureau/npds_dune_n2-main/npds_dune_n2/themes/NpdsBoostSK/Library/NpdsBoostSK.php:314
Stack trace:
#0 /home/nicolas/Bureau/npds_dune_n2-main/npds_dune_n2/themes/NpdsBoostSK/Views/Layouts/Default.php(53): Themes\NpdsBoostSK\Library\NpdsBoostSK->footer()
#1 /home/nicolas/Bureau/npds_dune_n2-main/npds_dune_n2/npds/View/Engines/PhpEngine.php(61): include('...')
#2 /home/nicolas/Bureau/npds_dune_n2-main/npds_dune_n2/npds/View/Engines/PhpEngine.php(23): Npds\View\Engines\PhpEngine->evaluatePath()
#3 /home/nicolas/Bureau/npds_dune_n2-main/npds_dune_n2/npds/View/View.php(155): Npds\View\Engines\PhpEngine->get()
#4 /home/nicolas/Bureau/npds_dune_n2-main/npds_dune_n2/npds/View/View.php(125): Npds\View\View->getContents()
#5 /home/nicolas/Bureau/npds_dune_n2-main/npds_dune_n2/npds/View/View.php(94): Npds\View\View->renderContents()
#6 /home/nicolas/Bureau/npds_dune_n2-main/npds_dune_n2/npds/Exceptions/Handler.php(136): Npds\View\View->render()
#7 /home/nicolas/Bureau/npds_dune_n2-main/npds_dune_n2/app/Exceptions/Handler.php(83): Npds\Exceptions\Handler->render()
#8 /home/nicolas/Bureau/npds_dune_n2-main/npds_dune_n2/npds/Exceptions/Handler.php(98): App\Exceptions\Handler->render()
#9 [internal function]: Npds\Exceptions\Handler->handleException()
#10 {main}
  thrown

        Code: 1

        File: /home/nicolas/Bureau/npds_dune_n2-main/npds_dune_n2/themes/NpdsBoostSK/Library/NpdsBoostSK.php

        Line: 314

        Stack trace:

        #0 /home/nicolas/Bureau/npds_dune_n2-main/npds_dune_n2/npds/Exceptions/Handler.php(151): Npds\Exceptions\Handler->fatalExceptionFromError()
#1 [internal function]: Npds\Exceptions\Handler->handleShutdown()
#2 {main}

        ---------

Exception information:

        Date: Sep 19, 2025 7:24AM

        Message: Erreur : aucun chemin d’espace de noms défini pour [Themes/Base].

        Code: 0

        File: /home/nicolas/Bureau/npds_dune_n2-main/npds_dune_n2/npds/View/FileViewFinder.php

        Line: 131

        Stack trace:

        #0 /home/nicolas/Bureau/npds_dune_n2-main/npds_dune_n2/npds/View/FileViewFinder.php(99): Npds\View\FileViewFinder->getNamespaceSegments()
#1 /home/nicolas/Bureau/npds_dune_n2-main/npds_dune_n2/npds/View/FileViewFinder.php(85): Npds\View\FileViewFinder->findNamedPathView()
#2 /home/nicolas/Bureau/npds_dune_n2-main/npds_dune_n2/npds/View/Factory.php(134): Npds\View\FileViewFinder->find()
#3 /home/nicolas/Bureau/npds_dune_n2-main/npds_dune_n2/npds/Support/Facades/View.php(27): Npds\View\Factory->make()
#4 /home/nicolas/Bureau/npds_dune_n2-main/npds_dune_n2/npds/Exceptions/Handler.php(131): Npds\Support\Facades\View::__callStatic()
#5 /home/nicolas/Bureau/npds_dune_n2-main/npds_dune_n2/app/Exceptions/Handler.php(83): Npds\Exceptions\Handler->render()
#6 /home/nicolas/Bureau/npds_dune_n2-main/npds_dune_n2/npds/Exceptions/Handler.php(98): App\Exceptions\Handler->render()
#7 /home/nicolas/Bureau/npds_dune_n2-main/npds_dune_n2/public/index.php(161): Npds\Exceptions\Handler->handleException()
#8 /home/nicolas/Bureau/npds_dune_n2-main/npds_dune_n2/server.php(21): require_once('...')
#9 {main}

        ---------

Exception information:

        Date: Sep 19, 2025 7:24AM

        Message: Uncaught InvalidArgumentException: Erreur : aucun chemin d’espace de noms défini pour [Themes/Base]. in /home/nicolas/Bureau/npds_dune_n2-main/npds_dune_n2/npds/View/FileViewFinder.php:131
Stack trace:
#0 /home/nicolas/Bureau/npds_dune_n2-main/npds_dune_n2/npds/View/FileViewFinder.php(99): Npds\View\FileViewFinder->getNamespaceSegments()
#1 /home/nicolas/Bureau/npds_dune_n2-main/npds_dune_n2/npds/View/FileViewFinder.php(85): Npds\View\FileViewFinder->findNamedPathView()
#2 /home/nicolas/Bureau/npds_dune_n2-main/npds_dune_n2/npds/View/Factory.php(134): Npds\View\FileViewFinder->find()
#3 /home/nicolas/Bureau/npds_dune_n2-main/npds_dune_n2/npds/Support/Facades/View.php(27): Npds\View\Factory->make()
#4 /home/nicolas/Bureau/npds_dune_n2-main/npds_dune_n2/npds/Exceptions/Handler.php(131): Npds\Support\Facades\View::__callStatic()
#5 /home/nicolas/Bureau/npds_dune_n2-main/npds_dune_n2/app/Exceptions/Handler.php(83): Npds\Exceptions\Handler->render()
#6 /home/nicolas/Bureau/npds_dune_n2-main/npds_dune_n2/npds/Exceptions/Handler.php(98): App\Exceptions\Handler->render()
#7 [internal function]: Npds\Exceptions\Handler->handleException()
#8 {main}
  thrown

        Code: 1

        File: /home/nicolas/Bureau/npds_dune_n2-main/npds_dune_n2/npds/View/FileViewFinder.php

        Line: 131

        Stack trace:

        #0 /home/nicolas/Bureau/npds_dune_n2-main/npds_dune_n2/npds/Exceptions/Handler.php(151): Npds\Exceptions\Handler->fatalExceptionFromError()
#1 [internal function]: Npds\Exceptions\Handler->handleShutdown()
#2 {main}

        ---------

Exception information:

        Date: Sep 19, 2025 7:24AM

        Message: Erreur : aucun chemin d’espace de noms défini pour [Themes/NpdsBoostSK].

        Code: 0

        File: /home/nicolas/Bureau/npds_dune_n2-main/npds_dune_n2/npds/View/FileViewFinder.php

        Line: 131

        Stack trace:

        #0 /home/nicolas/Bureau/npds_dune_n2-main/npds_dune_n2/npds/View/FileViewFinder.php(99): Npds\View\FileViewFinder->getNamespaceSegments()
#1 /home/nicolas/Bureau/npds_dune_n2-main/npds_dune_n2/npds/View/FileViewFinder.php(85): Npds\View\FileViewFinder->findNamedPathView()
#2 /home/nicolas/Bureau/npds_dune_n2-main/npds_dune_n2/npds/View/Factory.php(134): Npds\View\FileViewFinder->find()
#3 /home/nicolas/Bureau/npds_dune_n2-main/npds_dune_n2/npds/Support/Facades/View.php(27): Npds\View\Factory->make()
#4 /home/nicolas/Bureau/npds_dune_n2-main/npds_dune_n2/themes/NpdsBoostSK/Library/NpdsBoostSK.php(282): Npds\Support\Facades\View::__callStatic()
#5 [internal function]: Themes\NpdsBoostSK\Library\NpdsBoostSK->header()
#6 /home/nicolas/Bureau/npds_dune_n2-main/npds_dune_n2/themes/NpdsBoostSK/Support/Facades/NpdsBoostSK.php(26): call_user_func_array()
#7 /home/nicolas/Bureau/npds_dune_n2-main/npds_dune_n2/themes/NpdsBoostSK/Views/Layouts/Default.php(49): Themes\NpdsBoostSK\Support\Facades\NpdsBoostSK::__callStatic()
#8 /home/nicolas/Bureau/npds_dune_n2-main/npds_dune_n2/npds/View/Engines/PhpEngine.php(61): include('...')
#9 /home/nicolas/Bureau/npds_dune_n2-main/npds_dune_n2/npds/View/Engines/PhpEngine.php(23): Npds\View\Engines\PhpEngine->evaluatePath()
#10 /home/nicolas/Bureau/npds_dune_n2-main/npds_dune_n2/npds/View/View.php(155): Npds\View\Engines\PhpEngine->get()
#11 /home/nicolas/Bureau/npds_dune_n2-main/npds_dune_n2/npds/View/View.php(125): Npds\View\View->getContents()
#12 /home/nicolas/Bureau/npds_dune_n2-main/npds_dune_n2/npds/View/View.php(94): Npds\View\View->renderContents()
#13 /home/nicolas/Bureau/npds_dune_n2-main/npds_dune_n2/npds/Exceptions/Handler.php(136): Npds\View\View->render()
#14 /home/nicolas/Bureau/npds_dune_n2-main/npds_dune_n2/app/Exceptions/Handler.php(83): Npds\Exceptions\Handler->render()
#15 /home/nicolas/Bureau/npds_dune_n2-main/npds_dune_n2/npds/Exceptions/Handler.php(98): App\Exceptions\Handler->render()
#16 /home/nicolas/Bureau/npds_dune_n2-main/npds_dune_n2/public/index.php(161): Npds\Exceptions\Handler->handleException()
#17 /home/nicolas/Bureau/npds_dune_n2-main/npds_dune_n2/server.php(21): require_once('...')
#18 {main}

        ---------

Exception information:

        Date: Sep 19, 2025 7:24AM

        Message: Uncaught InvalidArgumentException: Erreur : aucun chemin d’espace de noms défini pour [Themes/NpdsBoostSK]. in /home/nicolas/Bureau/npds_dune_n2-main/npds_dune_n2/npds/View/FileViewFinder.php:131
Stack trace:
#0 /home/nicolas/Bureau/npds_dune_n2-main/npds_dune_n2/npds/View/FileViewFinder.php(99): Npds\View\FileViewFinder->getNamespaceSegments()
#1 /home/nicolas/Bureau/npds_dune_n2-main/npds_dune_n2/npds/View/FileViewFinder.php(85): Npds\View\FileViewFinder->findNamedPathView()
#2 /home/nicolas/Bureau/npds_dune_n2-main/npds_dune_n2/npds/View/Factory.php(134): Npds\View\FileViewFinder->find()
#3 /home/nicolas/Bureau/npds_dune_n2-main/npds_dune_n2/npds/Support/Facades/View.php(27): Npds\View\Factory->make()
#4 /home/nicolas/Bureau/npds_dune_n2-main/npds_dune_n2/themes/NpdsBoostSK/Library/NpdsBoostSK.php(282): Npds\Support\Facades\View::__callStatic()
#5 [internal function]: Themes\NpdsBoostSK\Library\NpdsBoostSK->header()
#6 /home/nicolas/Bureau/npds_dune_n2-main/npds_dune_n2/themes/NpdsBoostSK/Support/Facades/NpdsBoostSK.php(26): call_user_func_array()
#7 /home/nicolas/Bureau/npds_dune_n2-main/npds_dune_n2/themes/NpdsBoostSK/Views/Layouts/Default.php(49): Themes\NpdsBoostSK\Support\Facades\NpdsBoostSK::__callStatic()
#8 /home/nicolas/Bureau/npds_dune_n2-main/npds_dune_n2/npds/View/Engines/PhpEngine.php(61): include('...')
#9 /home/nicolas/Bureau/npds_dune_n2-main/npds_dune_n2/npds/View/Engines/PhpEngine.php(23): Npds\View\Engines\PhpEngine->evaluatePath()
#10 /home/nicolas/Bureau/npds_dune_n2-main/npds_dune_n2/npds/View/View.php(155): Npds\View\Engines\PhpEngine->get()
#11 /home/nicolas/Bureau/npds_dune_n2-main/npds_dune_n2/npds/View/View.php(125): Npds\View\View->getContents()
#12 /home/nicolas/Bureau/npds_dune_n2-main/npds_dune_n2/npds/View/View.php(94): Npds\View\View->renderContents()
#13 /home/nicolas/Bureau/npds_dune_n2-main/npds_dune_n2/npds/Exceptions/Handler.php(136): Npds\View\View->render()
#14 /home/nicolas/Bureau/npds_dune_n2-main/npds_dune_n2/app/Exceptions/Handler.php(83): Npds\Exceptions\Handler->render()
#15 /home/nicolas/Bureau/npds_dune_n2-main/npds_dune_n2/npds/Exceptions/Handler.php(98): App\Exceptions\Handler->render()
#16 [internal function]: Npds\Exceptions\Handler->handleException()
#17 {main}
  thrown

        Code: 1

        File: /home/nicolas/Bureau/npds_dune_n2-main/npds_dune_n2/npds/View/FileViewFinder.php

        Line: 131

        Stack trace:

        #0 /home/nicolas/Bureau/npds_dune_n2-main/npds_dune_n2/npds/Exceptions/Handler.php(151): Npds\Exceptions\Handler->fatalExceptionFromError()
#1 [internal function]: Npds\Exceptions\Handler->handleShutdown()
#2 {main}

        ---------

Exception information:

        Date: Sep 19, 2025 7:26AM

        Message: Erreur : aucun chemin d’espace de noms défini pour [Themes/NpdsBoostSK].

        Code: 0

        File: /home/nicolas/Bureau/npds_dune_n2-main/npds_dune_n2/npds/View/FileViewFinder.php

        Line: 131

        Stack trace:

        #0 /home/nicolas/Bureau/npds_dune_n2-main/npds_dune_n2/npds/View/FileViewFinder.php(99): Npds\View\FileViewFinder->getNamespaceSegments()
#1 /home/nicolas/Bureau/npds_dune_n2-main/npds_dune_n2/npds/View/FileViewFinder.php(85): Npds\View\FileViewFinder->findNamedPathView()
#2 /home/nicolas/Bureau/npds_dune_n2-main/npds_dune_n2/npds/View/Factory.php(134): Npds\View\FileViewFinder->find()
#3 /home/nicolas/Bureau/npds_dune_n2-main/npds_dune_n2/npds/Support/Facades/View.php(27): Npds\View\Factory->make()
#4 /home/nicolas/Bureau/npds_dune_n2-main/npds_dune_n2/themes/NpdsBoostSK/Library/NpdsBoostSK.php(282): Npds\Support\Facades\View::__callStatic()
#5 [internal function]: Themes\NpdsBoostSK\Library\NpdsBoostSK->header()
#6 /home/nicolas/Bureau/npds_dune_n2-main/npds_dune_n2/themes/NpdsBoostSK/Support/Facades/NpdsBoostSK.php(26): call_user_func_array()
#7 /home/nicolas/Bureau/npds_dune_n2-main/npds_dune_n2/themes/NpdsBoostSK/Views/Layouts/Default.php(49): Themes\NpdsBoostSK\Support\Facades\NpdsBoostSK::__callStatic()
#8 /home/nicolas/Bureau/npds_dune_n2-main/npds_dune_n2/npds/View/Engines/PhpEngine.php(61): include('...')
#9 /home/nicolas/Bureau/npds_dune_n2-main/npds_dune_n2/npds/View/Engines/PhpEngine.php(23): Npds\View\Engines\PhpEngine->evaluatePath()
#10 /home/nicolas/Bureau/npds_dune_n2-main/npds_dune_n2/npds/View/View.php(155): Npds\View\Engines\PhpEngine->get()
#11 /home/nicolas/Bureau/npds_dune_n2-main/npds_dune_n2/npds/View/View.php(125): Npds\View\View->getContents()
#12 /home/nicolas/Bureau/npds_dune_n2-main/npds_dune_n2/npds/View/View.php(94): Npds\View\View->renderContents()
#13 /home/nicolas/Bureau/npds_dune_n2-main/npds_dune_n2/npds/Exceptions/Handler.php(136): Npds\View\View->render()
#14 /home/nicolas/Bureau/npds_dune_n2-main/npds_dune_n2/app/Exceptions/Handler.php(83): Npds\Exceptions\Handler->render()
#15 /home/nicolas/Bureau/npds_dune_n2-main/npds_dune_n2/npds/Exceptions/Handler.php(98): App\Exceptions\Handler->render()
#16 /home/nicolas/Bureau/npds_dune_n2-main/npds_dune_n2/public/index.php(161): Npds\Exceptions\Handler->handleException()
#17 /home/nicolas/Bureau/npds_dune_n2-main/npds_dune_n2/server.php(21): require_once('...')
#18 {main}

        ---------

Exception information:

        Date: Sep 19, 2025 7:26AM

        Message: Uncaught InvalidArgumentException: Erreur : aucun chemin d’espace de noms défini pour [Themes/NpdsBoostSK]. in /home/nicolas/Bureau/npds_dune_n2-main/npds_dune_n2/npds/View/FileViewFinder.php:131
Stack trace:
#0 /home/nicolas/Bureau/npds_dune_n2-main/npds_dune_n2/npds/View/FileViewFinder.php(99): Npds\View\FileViewFinder->getNamespaceSegments()
#1 /home/nicolas/Bureau/npds_dune_n2-main/npds_dune_n2/npds/View/FileViewFinder.php(85): Npds\View\FileViewFinder->findNamedPathView()
#2 /home/nicolas/Bureau/npds_dune_n2-main/npds_dune_n2/npds/View/Factory.php(134): Npds\View\FileViewFinder->find()
#3 /home/nicolas/Bureau/npds_dune_n2-main/npds_dune_n2/npds/Support/Facades/View.php(27): Npds\View\Factory->make()
#4 /home/nicolas/Bureau/npds_dune_n2-main/npds_dune_n2/themes/NpdsBoostSK/Library/NpdsBoostSK.php(282): Npds\Support\Facades\View::__callStatic()
#5 [internal function]: Themes\NpdsBoostSK\Library\NpdsBoostSK->header()
#6 /home/nicolas/Bureau/npds_dune_n2-main/npds_dune_n2/themes/NpdsBoostSK/Support/Facades/NpdsBoostSK.php(26): call_user_func_array()
#7 /home/nicolas/Bureau/npds_dune_n2-main/npds_dune_n2/themes/NpdsBoostSK/Views/Layouts/Default.php(49): Themes\NpdsBoostSK\Support\Facades\NpdsBoostSK::__callStatic()
#8 /home/nicolas/Bureau/npds_dune_n2-main/npds_dune_n2/npds/View/Engines/PhpEngine.php(61): include('...')
#9 /home/nicolas/Bureau/npds_dune_n2-main/npds_dune_n2/npds/View/Engines/PhpEngine.php(23): Npds\View\Engines\PhpEngine->evaluatePath()
#10 /home/nicolas/Bureau/npds_dune_n2-main/npds_dune_n2/npds/View/View.php(155): Npds\View\Engines\PhpEngine->get()
#11 /home/nicolas/Bureau/npds_dune_n2-main/npds_dune_n2/npds/View/View.php(125): Npds\View\View->getContents()
#12 /home/nicolas/Bureau/npds_dune_n2-main/npds_dune_n2/npds/View/View.php(94): Npds\View\View->renderContents()
#13 /home/nicolas/Bureau/npds_dune_n2-main/npds_dune_n2/npds/Exceptions/Handler.php(136): Npds\View\View->render()
#14 /home/nicolas/Bureau/npds_dune_n2-main/npds_dune_n2/app/Exceptions/Handler.php(83): Npds\Exceptions\Handler->render()
#15 /home/nicolas/Bureau/npds_dune_n2-main/npds_dune_n2/npds/Exceptions/Handler.php(98): App\Exceptions\Handler->render()
#16 [internal function]: Npds\Exceptions\Handler->handleException()
#17 {main}
  thrown

        Code: 1

        File: /home/nicolas/Bureau/npds_dune_n2-main/npds_dune_n2/npds/View/FileViewFinder.php

        Line: 131

        Stack trace:

        #0 /home/nicolas/Bureau/npds_dune_n2-main/npds_dune_n2/npds/Exceptions/Handler.php(151): Npds\Exceptions\Handler->fatalExceptionFromError()
#1 [internal function]: Npds\Exceptions\Handler->handleShutdown()
#2 {main}

        ---------

Exception information:

        Date: Sep 19, 2025 7:26AM

        Message: Erreur : aucun chemin d’espace de noms défini pour [Themes/NpdsBoostSK].

        Code: 0

        File: /home/nicolas/Bureau/npds_dune_n2-main/npds_dune_n2/npds/View/FileViewFinder.php

        Line: 131

        Stack trace:

        #0 /home/nicolas/Bureau/npds_dune_n2-main/npds_dune_n2/npds/View/FileViewFinder.php(99): Npds\View\FileViewFinder->getNamespaceSegments()
#1 /home/nicolas/Bureau/npds_dune_n2-main/npds_dune_n2/npds/View/FileViewFinder.php(85): Npds\View\FileViewFinder->findNamedPathView()
#2 /home/nicolas/Bureau/npds_dune_n2-main/npds_dune_n2/npds/View/Factory.php(134): Npds\View\FileViewFinder->find()
#3 /home/nicolas/Bureau/npds_dune_n2-main/npds_dune_n2/npds/Support/Facades/View.php(27): Npds\View\Factory->make()
#4 /home/nicolas/Bureau/npds_dune_n2-main/npds_dune_n2/themes/NpdsBoostSK/Library/NpdsBoostSK.php(282): Npds\Support\Facades\View::__callStatic()
#5 [internal function]: Themes\NpdsBoostSK\Library\NpdsBoostSK->header()
#6 /home/nicolas/Bureau/npds_dune_n2-main/npds_dune_n2/themes/NpdsBoostSK/Support/Facades/NpdsBoostSK.php(26): call_user_func_array()
#7 /home/nicolas/Bureau/npds_dune_n2-main/npds_dune_n2/themes/NpdsBoostSK/Views/Layouts/Default.php(49): Themes\NpdsBoostSK\Support\Facades\NpdsBoostSK::__callStatic()
#8 /home/nicolas/Bureau/npds_dune_n2-main/npds_dune_n2/npds/View/Engines/PhpEngine.php(61): include('...')
#9 /home/nicolas/Bureau/npds_dune_n2-main/npds_dune_n2/npds/View/Engines/PhpEngine.php(23): Npds\View\Engines\PhpEngine->evaluatePath()
#10 /home/nicolas/Bureau/npds_dune_n2-main/npds_dune_n2/npds/View/View.php(155): Npds\View\Engines\PhpEngine->get()
#11 /home/nicolas/Bureau/npds_dune_n2-main/npds_dune_n2/npds/View/View.php(125): Npds\View\View->getContents()
#12 /home/nicolas/Bureau/npds_dune_n2-main/npds_dune_n2/npds/View/View.php(94): Npds\View\View->renderContents()
#13 /home/nicolas/Bureau/npds_dune_n2-main/npds_dune_n2/npds/Exceptions/Handler.php(136): Npds\View\View->render()
#14 /home/nicolas/Bureau/npds_dune_n2-main/npds_dune_n2/app/Exceptions/Handler.php(83): Npds\Exceptions\Handler->render()
#15 /home/nicolas/Bureau/npds_dune_n2-main/npds_dune_n2/npds/Exceptions/Handler.php(98): App\Exceptions\Handler->render()
#16 /home/nicolas/Bureau/npds_dune_n2-main/npds_dune_n2/public/index.php(161): Npds\Exceptions\Handler->handleException()
#17 /home/nicolas/Bureau/npds_dune_n2-main/npds_dune_n2/server.php(21): require_once('...')
#18 {main}

        ---------

Exception information:

        Date: Sep 19, 2025 7:26AM

        Message: Uncaught InvalidArgumentException: Erreur : aucun chemin d’espace de noms défini pour [Themes/NpdsBoostSK]. in /home/nicolas/Bureau/npds_dune_n2-main/npds_dune_n2/npds/View/FileViewFinder.php:131
Stack trace:
#0 /home/nicolas/Bureau/npds_dune_n2-main/npds_dune_n2/npds/View/FileViewFinder.php(99): Npds\View\FileViewFinder->getNamespaceSegments()
#1 /home/nicolas/Bureau/npds_dune_n2-main/npds_dune_n2/npds/View/FileViewFinder.php(85): Npds\View\FileViewFinder->findNamedPathView()
#2 /home/nicolas/Bureau/npds_dune_n2-main/npds_dune_n2/npds/View/Factory.php(134): Npds\View\FileViewFinder->find()
#3 /home/nicolas/Bureau/npds_dune_n2-main/npds_dune_n2/npds/Support/Facades/View.php(27): Npds\View\Factory->make()
#4 /home/nicolas/Bureau/npds_dune_n2-main/npds_dune_n2/themes/NpdsBoostSK/Library/NpdsBoostSK.php(282): Npds\Support\Facades\View::__callStatic()
#5 [internal function]: Themes\NpdsBoostSK\Library\NpdsBoostSK->header()
#6 /home/nicolas/Bureau/npds_dune_n2-main/npds_dune_n2/themes/NpdsBoostSK/Support/Facades/NpdsBoostSK.php(26): call_user_func_array()
#7 /home/nicolas/Bureau/npds_dune_n2-main/npds_dune_n2/themes/NpdsBoostSK/Views/Layouts/Default.php(49): Themes\NpdsBoostSK\Support\Facades\NpdsBoostSK::__callStatic()
#8 /home/nicolas/Bureau/npds_dune_n2-main/npds_dune_n2/npds/View/Engines/PhpEngine.php(61): include('...')
#9 /home/nicolas/Bureau/npds_dune_n2-main/npds_dune_n2/npds/View/Engines/PhpEngine.php(23): Npds\View\Engines\PhpEngine->evaluatePath()
#10 /home/nicolas/Bureau/npds_dune_n2-main/npds_dune_n2/npds/View/View.php(155): Npds\View\Engines\PhpEngine->get()
#11 /home/nicolas/Bureau/npds_dune_n2-main/npds_dune_n2/npds/View/View.php(125): Npds\View\View->getContents()
#12 /home/nicolas/Bureau/npds_dune_n2-main/npds_dune_n2/npds/View/View.php(94): Npds\View\View->renderContents()
#13 /home/nicolas/Bureau/npds_dune_n2-main/npds_dune_n2/npds/Exceptions/Handler.php(136): Npds\View\View->render()
#14 /home/nicolas/Bureau/npds_dune_n2-main/npds_dune_n2/app/Exceptions/Handler.php(83): Npds\Exceptions\Handler->render()
#15 /home/nicolas/Bureau/npds_dune_n2-main/npds_dune_n2/npds/Exceptions/Handler.php(98): App\Exceptions\Handler->render()
#16 [internal function]: Npds\Exceptions\Handler->handleException()
#17 {main}
  thrown

        Code: 1

        File: /home/nicolas/Bureau/npds_dune_n2-main/npds_dune_n2/npds/View/FileViewFinder.php

        Line: 131

        Stack trace:

        #0 /home/nicolas/Bureau/npds_dune_n2-main/npds_dune_n2/npds/Exceptions/Handler.php(151): Npds\Exceptions\Handler->fatalExceptionFromError()
#1 [internal function]: Npds\Exceptions\Handler->handleShutdown()
#2 {main}

        ---------

Exception information:

        Date: Sep 19, 2025 7:26AM

        Message: Erreur : aucun chemin d’espace de noms défini pour [Themes/NpdsBoostSK].

        Code: 0

        File: /home/nicolas/Bureau/npds_dune_n2-main/npds_dune_n2/npds/View/FileViewFinder.php

        Line: 131

        Stack trace:

        #0 /home/nicolas/Bureau/npds_dune_n2-main/npds_dune_n2/npds/View/FileViewFinder.php(99): Npds\View\FileViewFinder->getNamespaceSegments()
#1 /home/nicolas/Bureau/npds_dune_n2-main/npds_dune_n2/npds/View/FileViewFinder.php(85): Npds\View\FileViewFinder->findNamedPathView()
#2 /home/nicolas/Bureau/npds_dune_n2-main/npds_dune_n2/npds/View/Factory.php(134): Npds\View\FileViewFinder->find()
#3 /home/nicolas/Bureau/npds_dune_n2-main/npds_dune_n2/npds/Support/Facades/View.php(27): Npds\View\Factory->make()
#4 /home/nicolas/Bureau/npds_dune_n2-main/npds_dune_n2/themes/NpdsBoostSK/Library/NpdsBoostSK.php(282): Npds\Support\Facades\View::__callStatic()
#5 [internal function]: Themes\NpdsBoostSK\Library\NpdsBoostSK->header()
#6 /home/nicolas/Bureau/npds_dune_n2-main/npds_dune_n2/themes/NpdsBoostSK/Support/Facades/NpdsBoostSK.php(26): call_user_func_array()
#7 /home/nicolas/Bureau/npds_dune_n2-main/npds_dune_n2/themes/NpdsBoostSK/Views/Layouts/Default.php(49): Themes\NpdsBoostSK\Support\Facades\NpdsBoostSK::__callStatic()
#8 /home/nicolas/Bureau/npds_dune_n2-main/npds_dune_n2/npds/View/Engines/PhpEngine.php(61): include('...')
#9 /home/nicolas/Bureau/npds_dune_n2-main/npds_dune_n2/npds/View/Engines/PhpEngine.php(23): Npds\View\Engines\PhpEngine->evaluatePath()
#10 /home/nicolas/Bureau/npds_dune_n2-main/npds_dune_n2/npds/View/View.php(155): Npds\View\Engines\PhpEngine->get()
#11 /home/nicolas/Bureau/npds_dune_n2-main/npds_dune_n2/npds/View/View.php(125): Npds\View\View->getContents()
#12 /home/nicolas/Bureau/npds_dune_n2-main/npds_dune_n2/npds/View/View.php(94): Npds\View\View->renderContents()
#13 /home/nicolas/Bureau/npds_dune_n2-main/npds_dune_n2/npds/Exceptions/Handler.php(136): Npds\View\View->render()
#14 /home/nicolas/Bureau/npds_dune_n2-main/npds_dune_n2/app/Exceptions/Handler.php(83): Npds\Exceptions\Handler->render()
#15 /home/nicolas/Bureau/npds_dune_n2-main/npds_dune_n2/npds/Exceptions/Handler.php(98): App\Exceptions\Handler->render()
#16 /home/nicolas/Bureau/npds_dune_n2-main/npds_dune_n2/public/index.php(161): Npds\Exceptions\Handler->handleException()
#17 /home/nicolas/Bureau/npds_dune_n2-main/npds_dune_n2/server.php(21): require_once('...')
#18 {main}

        ---------

Exception information:

        Date: Sep 19, 2025 7:26AM

        Message: Uncaught InvalidArgumentException: Erreur : aucun chemin d’espace de noms défini pour [Themes/NpdsBoostSK]. in /home/nicolas/Bureau/npds_dune_n2-main/npds_dune_n2/npds/View/FileViewFinder.php:131
Stack trace:
#0 /home/nicolas/Bureau/npds_dune_n2-main/npds_dune_n2/npds/View/FileViewFinder.php(99): Npds\View\FileViewFinder->getNamespaceSegments()
#1 /home/nicolas/Bureau/npds_dune_n2-main/npds_dune_n2/npds/View/FileViewFinder.php(85): Npds\View\FileViewFinder->findNamedPathView()
#2 /home/nicolas/Bureau/npds_dune_n2-main/npds_dune_n2/npds/View/Factory.php(134): Npds\View\FileViewFinder->find()
#3 /home/nicolas/Bureau/npds_dune_n2-main/npds_dune_n2/npds/Support/Facades/View.php(27): Npds\View\Factory->make()
#4 /home/nicolas/Bureau/npds_dune_n2-main/npds_dune_n2/themes/NpdsBoostSK/Library/NpdsBoostSK.php(282): Npds\Support\Facades\View::__callStatic()
#5 [internal function]: Themes\NpdsBoostSK\Library\NpdsBoostSK->header()
#6 /home/nicolas/Bureau/npds_dune_n2-main/npds_dune_n2/themes/NpdsBoostSK/Support/Facades/NpdsBoostSK.php(26): call_user_func_array()
#7 /home/nicolas/Bureau/npds_dune_n2-main/npds_dune_n2/themes/NpdsBoostSK/Views/Layouts/Default.php(49): Themes\NpdsBoostSK\Support\Facades\NpdsBoostSK::__callStatic()
#8 /home/nicolas/Bureau/npds_dune_n2-main/npds_dune_n2/npds/View/Engines/PhpEngine.php(61): include('...')
#9 /home/nicolas/Bureau/npds_dune_n2-main/npds_dune_n2/npds/View/Engines/PhpEngine.php(23): Npds\View\Engines\PhpEngine->evaluatePath()
#10 /home/nicolas/Bureau/npds_dune_n2-main/npds_dune_n2/npds/View/View.php(155): Npds\View\Engines\PhpEngine->get()
#11 /home/nicolas/Bureau/npds_dune_n2-main/npds_dune_n2/npds/View/View.php(125): Npds\View\View->getContents()
#12 /home/nicolas/Bureau/npds_dune_n2-main/npds_dune_n2/npds/View/View.php(94): Npds\View\View->renderContents()
#13 /home/nicolas/Bureau/npds_dune_n2-main/npds_dune_n2/npds/Exceptions/Handler.php(136): Npds\View\View->render()
#14 /home/nicolas/Bureau/npds_dune_n2-main/npds_dune_n2/app/Exceptions/Handler.php(83): Npds\Exceptions\Handler->render()
#15 /home/nicolas/Bureau/npds_dune_n2-main/npds_dune_n2/npds/Exceptions/Handler.php(98): App\Exceptions\Handler->render()
#16 [internal function]: Npds\Exceptions\Handler->handleException()
#17 {main}
  thrown

        Code: 1

        File: /home/nicolas/Bureau/npds_dune_n2-main/npds_dune_n2/npds/View/FileViewFinder.php

        Line: 131

        Stack trace:

        #0 /home/nicolas/Bureau/npds_dune_n2-main/npds_dune_n2/npds/Exceptions/Handler.php(151): Npds\Exceptions\Handler->fatalExceptionFromError()
#1 [internal function]: Npds\Exceptions\Handler->handleShutdown()
#2 {main}

        ---------

Exception information:

        Date: Sep 19, 2025 7:26AM

        Message: Erreur : aucun chemin d’espace de noms défini pour [Themes/NpdsBoostSK].

        Code: 0

        File: /home/nicolas/Bureau/npds_dune_n2-main/npds_dune_n2/npds/View/FileViewFinder.php

        Line: 131

        Stack trace:

        #0 /home/nicolas/Bureau/npds_dune_n2-main/npds_dune_n2/npds/View/FileViewFinder.php(99): Npds\View\FileViewFinder->getNamespaceSegments()
#1 /home/nicolas/Bureau/npds_dune_n2-main/npds_dune_n2/npds/View/FileViewFinder.php(85): Npds\View\FileViewFinder->findNamedPathView()
#2 /home/nicolas/Bureau/npds_dune_n2-main/npds_dune_n2/npds/View/Factory.php(134): Npds\View\FileViewFinder->find()
#3 /home/nicolas/Bureau/npds_dune_n2-main/npds_dune_n2/npds/Support/Facades/View.php(27): Npds\View\Factory->make()
#4 /home/nicolas/Bureau/npds_dune_n2-main/npds_dune_n2/themes/NpdsBoostSK/Library/NpdsBoostSK.php(282): Npds\Support\Facades\View::__callStatic()
#5 [internal function]: Themes\NpdsBoostSK\Library\NpdsBoostSK->header()
#6 /home/nicolas/Bureau/npds_dune_n2-main/npds_dune_n2/themes/NpdsBoostSK/Support/Facades/NpdsBoostSK.php(26): call_user_func_array()
#7 /home/nicolas/Bureau/npds_dune_n2-main/npds_dune_n2/themes/NpdsBoostSK/Views/Layouts/Default.php(49): Themes\NpdsBoostSK\Support\Facades\NpdsBoostSK::__callStatic()
#8 /home/nicolas/Bureau/npds_dune_n2-main/npds_dune_n2/npds/View/Engines/PhpEngine.php(61): include('...')
#9 /home/nicolas/Bureau/npds_dune_n2-main/npds_dune_n2/npds/View/Engines/PhpEngine.php(23): Npds\View\Engines\PhpEngine->evaluatePath()
#10 /home/nicolas/Bureau/npds_dune_n2-main/npds_dune_n2/npds/View/View.php(155): Npds\View\Engines\PhpEngine->get()
#11 /home/nicolas/Bureau/npds_dune_n2-main/npds_dune_n2/npds/View/View.php(125): Npds\View\View->getContents()
#12 /home/nicolas/Bureau/npds_dune_n2-main/npds_dune_n2/npds/View/View.php(94): Npds\View\View->renderContents()
#13 /home/nicolas/Bureau/npds_dune_n2-main/npds_dune_n2/npds/Exceptions/Handler.php(136): Npds\View\View->render()
#14 /home/nicolas/Bureau/npds_dune_n2-main/npds_dune_n2/app/Exceptions/Handler.php(83): Npds\Exceptions\Handler->render()
#15 /home/nicolas/Bureau/npds_dune_n2-main/npds_dune_n2/npds/Exceptions/Handler.php(98): App\Exceptions\Handler->render()
#16 /home/nicolas/Bureau/npds_dune_n2-main/npds_dune_n2/public/index.php(161): Npds\Exceptions\Handler->handleException()
#17 /home/nicolas/Bureau/npds_dune_n2-main/npds_dune_n2/server.php(21): require_once('...')
#18 {main}

        ---------

Exception information:

        Date: Sep 19, 2025 7:26AM

        Message: Uncaught InvalidArgumentException: Erreur : aucun chemin d’espace de noms défini pour [Themes/NpdsBoostSK]. in /home/nicolas/Bureau/npds_dune_n2-main/npds_dune_n2/npds/View/FileViewFinder.php:131
Stack trace:
#0 /home/nicolas/Bureau/npds_dune_n2-main/npds_dune_n2/npds/View/FileViewFinder.php(99): Npds\View\FileViewFinder->getNamespaceSegments()
#1 /home/nicolas/Bureau/npds_dune_n2-main/npds_dune_n2/npds/View/FileViewFinder.php(85): Npds\View\FileViewFinder->findNamedPathView()
#2 /home/nicolas/Bureau/npds_dune_n2-main/npds_dune_n2/npds/View/Factory.php(134): Npds\View\FileViewFinder->find()
#3 /home/nicolas/Bureau/npds_dune_n2-main/npds_dune_n2/npds/Support/Facades/View.php(27): Npds\View\Factory->make()
#4 /home/nicolas/Bureau/npds_dune_n2-main/npds_dune_n2/themes/NpdsBoostSK/Library/NpdsBoostSK.php(282): Npds\Support\Facades\View::__callStatic()
#5 [internal function]: Themes\NpdsBoostSK\Library\NpdsBoostSK->header()
#6 /home/nicolas/Bureau/npds_dune_n2-main/npds_dune_n2/themes/NpdsBoostSK/Support/Facades/NpdsBoostSK.php(26): call_user_func_array()
#7 /home/nicolas/Bureau/npds_dune_n2-main/npds_dune_n2/themes/NpdsBoostSK/Views/Layouts/Default.php(49): Themes\NpdsBoostSK\Support\Facades\NpdsBoostSK::__callStatic()
#8 /home/nicolas/Bureau/npds_dune_n2-main/npds_dune_n2/npds/View/Engines/PhpEngine.php(61): include('...')
#9 /home/nicolas/Bureau/npds_dune_n2-main/npds_dune_n2/npds/View/Engines/PhpEngine.php(23): Npds\View\Engines\PhpEngine->evaluatePath()
#10 /home/nicolas/Bureau/npds_dune_n2-main/npds_dune_n2/npds/View/View.php(155): Npds\View\Engines\PhpEngine->get()
#11 /home/nicolas/Bureau/npds_dune_n2-main/npds_dune_n2/npds/View/View.php(125): Npds\View\View->getContents()
#12 /home/nicolas/Bureau/npds_dune_n2-main/npds_dune_n2/npds/View/View.php(94): Npds\View\View->renderContents()
#13 /home/nicolas/Bureau/npds_dune_n2-main/npds_dune_n2/npds/Exceptions/Handler.php(136): Npds\View\View->render()
#14 /home/nicolas/Bureau/npds_dune_n2-main/npds_dune_n2/app/Exceptions/Handler.php(83): Npds\Exceptions\Handler->render()
#15 /home/nicolas/Bureau/npds_dune_n2-main/npds_dune_n2/npds/Exceptions/Handler.php(98): App\Exceptions\Handler->render()
#16 [internal function]: Npds\Exceptions\Handler->handleException()
#17 {main}
  thrown

        Code: 1

        File: /home/nicolas/Bureau/npds_dune_n2-main/npds_dune_n2/npds/View/FileViewFinder.php

        Line: 131

        Stack trace:

        #0 /home/nicolas/Bureau/npds_dune_n2-main/npds_dune_n2/npds/Exceptions/Handler.php(151): Npds\Exceptions\Handler->fatalExceptionFromError()
#1 [internal function]: Npds\Exceptions\Handler->handleShutdown()
#2 {main}

        ---------

Exception information:

        Date: Sep 19, 2025 7:27AM

        Message: Erreur : Vue [Partials/Header/Header] introuvable.

        Code: 0

        File: /home/nicolas/Bureau/npds_dune_n2-main/npds_dune_n2/npds/View/FileViewFinder.php

        Line: 158

        Stack trace:

        #0 /home/nicolas/Bureau/npds_dune_n2-main/npds_dune_n2/npds/View/FileViewFinder.php(111): Npds\View\FileViewFinder->findInPaths()
#1 /home/nicolas/Bureau/npds_dune_n2-main/npds_dune_n2/npds/View/FileViewFinder.php(85): Npds\View\FileViewFinder->findNamedPathView()
#2 /home/nicolas/Bureau/npds_dune_n2-main/npds_dune_n2/npds/View/Factory.php(134): Npds\View\FileViewFinder->find()
#3 /home/nicolas/Bureau/npds_dune_n2-main/npds_dune_n2/npds/Support/Facades/View.php(27): Npds\View\Factory->make()
#4 /home/nicolas/Bureau/npds_dune_n2-main/npds_dune_n2/themes/Base/Views/Layouts/Default.php(76): Npds\Support\Facades\View::__callStatic()
#5 /home/nicolas/Bureau/npds_dune_n2-main/npds_dune_n2/npds/View/Engines/PhpEngine.php(61): include('...')
#6 /home/nicolas/Bureau/npds_dune_n2-main/npds_dune_n2/npds/View/Engines/PhpEngine.php(23): Npds\View\Engines\PhpEngine->evaluatePath()
#7 /home/nicolas/Bureau/npds_dune_n2-main/npds_dune_n2/npds/View/View.php(155): Npds\View\Engines\PhpEngine->get()
#8 /home/nicolas/Bureau/npds_dune_n2-main/npds_dune_n2/npds/View/View.php(125): Npds\View\View->getContents()
#9 /home/nicolas/Bureau/npds_dune_n2-main/npds_dune_n2/npds/View/View.php(94): Npds\View\View->renderContents()
#10 /home/nicolas/Bureau/npds_dune_n2-main/npds_dune_n2/npds/Exceptions/Handler.php(136): Npds\View\View->render()
#11 /home/nicolas/Bureau/npds_dune_n2-main/npds_dune_n2/app/Exceptions/Handler.php(83): Npds\Exceptions\Handler->render()
#12 /home/nicolas/Bureau/npds_dune_n2-main/npds_dune_n2/npds/Exceptions/Handler.php(98): App\Exceptions\Handler->render()
#13 /home/nicolas/Bureau/npds_dune_n2-main/npds_dune_n2/public/index.php(161): Npds\Exceptions\Handler->handleException()
#14 /home/nicolas/Bureau/npds_dune_n2-main/npds_dune_n2/server.php(21): require_once('...')
#15 {main}

        ---------

Exception information:

        Date: Sep 19, 2025 7:27AM

        Message: Uncaught InvalidArgumentException: Erreur : Vue [Partials/Header/Header] introuvable. in /home/nicolas/Bureau/npds_dune_n2-main/npds_dune_n2/npds/View/FileViewFinder.php:158
Stack trace:
#0 /home/nicolas/Bureau/npds_dune_n2-main/npds_dune_n2/npds/View/FileViewFinder.php(111): Npds\View\FileViewFinder->findInPaths()
#1 /home/nicolas/Bureau/npds_dune_n2-main/npds_dune_n2/npds/View/FileViewFinder.php(85): Npds\View\FileViewFinder->findNamedPathView()
#2 /home/nicolas/Bureau/npds_dune_n2-main/npds_dune_n2/npds/View/Factory.php(134): Npds\View\FileViewFinder->find()
#3 /home/nicolas/Bureau/npds_dune_n2-main/npds_dune_n2/npds/Support/Facades/View.php(27): Npds\View\Factory->make()
#4 /home/nicolas/Bureau/npds_dune_n2-main/npds_dune_n2/themes/Base/Views/Layouts/Default.php(76): Npds\Support\Facades\View::__callStatic()
#5 /home/nicolas/Bureau/npds_dune_n2-main/npds_dune_n2/npds/View/Engines/PhpEngine.php(61): include('...')
#6 /home/nicolas/Bureau/npds_dune_n2-main/npds_dune_n2/npds/View/Engines/PhpEngine.php(23): Npds\View\Engines\PhpEngine->evaluatePath()
#7 /home/nicolas/Bureau/npds_dune_n2-main/npds_dune_n2/npds/View/View.php(155): Npds\View\Engines\PhpEngine->get()
#8 /home/nicolas/Bureau/npds_dune_n2-main/npds_dune_n2/npds/View/View.php(125): Npds\View\View->getContents()
#9 /home/nicolas/Bureau/npds_dune_n2-main/npds_dune_n2/npds/View/View.php(94): Npds\View\View->renderContents()
#10 /home/nicolas/Bureau/npds_dune_n2-main/npds_dune_n2/npds/Exceptions/Handler.php(136): Npds\View\View->render()
#11 /home/nicolas/Bureau/npds_dune_n2-main/npds_dune_n2/app/Exceptions/Handler.php(83): Npds\Exceptions\Handler->render()
#12 /home/nicolas/Bureau/npds_dune_n2-main/npds_dune_n2/npds/Exceptions/Handler.php(98): App\Exceptions\Handler->render()
#13 [internal function]: Npds\Exceptions\Handler->handleException()
#14 {main}
  thrown

        Code: 1

        File: /home/nicolas/Bureau/npds_dune_n2-main/npds_dune_n2/npds/View/FileViewFinder.php

        Line: 158

        Stack trace:

        #0 /home/nicolas/Bureau/npds_dune_n2-main/npds_dune_n2/npds/Exceptions/Handler.php(151): Npds\Exceptions\Handler->fatalExceptionFromError()
#1 [internal function]: Npds\Exceptions\Handler->handleShutdown()
#2 {main}

        ---------

Exception information:

        Date: Sep 19, 2025 7:36AM

        Message: Undefined variable $theme

        Code: 0

        File: /home/nicolas/Bureau/npds_dune_n2-main/npds_dune_n2/themes/NpdsBoostSK/Views/Partials/Header/Header.php

        Line: 37

        Stack trace:

        #0 /home/nicolas/Bureau/npds_dune_n2-main/npds_dune_n2/themes/NpdsBoostSK/Views/Partials/Header/Header.php(37): Npds\Exceptions\Handler->handleError()
#1 /home/nicolas/Bureau/npds_dune_n2-main/npds_dune_n2/npds/View/Engines/PhpEngine.php(61): include('...')
#2 /home/nicolas/Bureau/npds_dune_n2-main/npds_dune_n2/npds/View/Engines/PhpEngine.php(23): Npds\View\Engines\PhpEngine->evaluatePath()
#3 /home/nicolas/Bureau/npds_dune_n2-main/npds_dune_n2/npds/View/View.php(155): Npds\View\Engines\PhpEngine->get()
#4 /home/nicolas/Bureau/npds_dune_n2-main/npds_dune_n2/npds/View/View.php(125): Npds\View\View->getContents()
#5 /home/nicolas/Bureau/npds_dune_n2-main/npds_dune_n2/npds/View/View.php(94): Npds\View\View->renderContents()
#6 /home/nicolas/Bureau/npds_dune_n2-main/npds_dune_n2/themes/NpdsBoostSK/Library/NpdsBoostSK.php(288): Npds\View\View->render()
#7 [internal function]: Themes\NpdsBoostSK\Library\NpdsBoostSK->header()
#8 /home/nicolas/Bureau/npds_dune_n2-main/npds_dune_n2/themes/NpdsBoostSK/Support/Facades/NpdsBoostSK.php(26): call_user_func_array()
#9 /home/nicolas/Bureau/npds_dune_n2-main/npds_dune_n2/themes/NpdsBoostSK/Views/Layouts/Default.php(49): Themes\NpdsBoostSK\Support\Facades\NpdsBoostSK::__callStatic()
#10 /home/nicolas/Bureau/npds_dune_n2-main/npds_dune_n2/npds/View/Engines/PhpEngine.php(61): include('...')
#11 /home/nicolas/Bureau/npds_dune_n2-main/npds_dune_n2/npds/View/Engines/PhpEngine.php(23): Npds\View\Engines\PhpEngine->evaluatePath()
#12 /home/nicolas/Bureau/npds_dune_n2-main/npds_dune_n2/npds/View/View.php(155): Npds\View\Engines\PhpEngine->get()
#13 /home/nicolas/Bureau/npds_dune_n2-main/npds_dune_n2/npds/View/View.php(125): Npds\View\View->getContents()
#14 /home/nicolas/Bureau/npds_dune_n2-main/npds_dune_n2/npds/View/View.php(94): Npds\View\View->renderContents()
#15 /home/nicolas/Bureau/npds_dune_n2-main/npds_dune_n2/npds/Exceptions/Handler.php(136): Npds\View\View->render()
#16 /home/nicolas/Bureau/npds_dune_n2-main/npds_dune_n2/app/Exceptions/Handler.php(81): Npds\Exceptions\Handler->render()
#17 /home/nicolas/Bureau/npds_dune_n2-main/npds_dune_n2/npds/Exceptions/Handler.php(98): App\Exceptions\Handler->render()
#18 /home/nicolas/Bureau/npds_dune_n2-main/npds_dune_n2/public/index.php(161): Npds\Exceptions\Handler->handleException()
#19 /home/nicolas/Bureau/npds_dune_n2-main/npds_dune_n2/server.php(21): require_once('...')
#20 {main}

        ---------

Exception information:

        Date: Sep 19, 2025 7:36AM

        Message: Uncaught ErrorException: Undefined variable $theme in /home/nicolas/Bureau/npds_dune_n2-main/npds_dune_n2/themes/NpdsBoostSK/Views/Partials/Header/Header.php:37
Stack trace:
#0 /home/nicolas/Bureau/npds_dune_n2-main/npds_dune_n2/themes/NpdsBoostSK/Views/Partials/Header/Header.php(37): Npds\Exceptions\Handler->handleError()
#1 /home/nicolas/Bureau/npds_dune_n2-main/npds_dune_n2/npds/View/Engines/PhpEngine.php(61): include('...')
#2 /home/nicolas/Bureau/npds_dune_n2-main/npds_dune_n2/npds/View/Engines/PhpEngine.php(23): Npds\View\Engines\PhpEngine->evaluatePath()
#3 /home/nicolas/Bureau/npds_dune_n2-main/npds_dune_n2/npds/View/View.php(155): Npds\View\Engines\PhpEngine->get()
#4 /home/nicolas/Bureau/npds_dune_n2-main/npds_dune_n2/npds/View/View.php(125): Npds\View\View->getContents()
#5 /home/nicolas/Bureau/npds_dune_n2-main/npds_dune_n2/npds/View/View.php(94): Npds\View\View->renderContents()
#6 /home/nicolas/Bureau/npds_dune_n2-main/npds_dune_n2/themes/NpdsBoostSK/Library/NpdsBoostSK.php(288): Npds\View\View->render()
#7 [internal function]: Themes\NpdsBoostSK\Library\NpdsBoostSK->header()
#8 /home/nicolas/Bureau/npds_dune_n2-main/npds_dune_n2/themes/NpdsBoostSK/Support/Facades/NpdsBoostSK.php(26): call_user_func_array()
#9 /home/nicolas/Bureau/npds_dune_n2-main/npds_dune_n2/themes/NpdsBoostSK/Views/Layouts/Default.php(49): Themes\NpdsBoostSK\Support\Facades\NpdsBoostSK::__callStatic()
#10 /home/nicolas/Bureau/npds_dune_n2-main/npds_dune_n2/npds/View/Engines/PhpEngine.php(61): include('...')
#11 /home/nicolas/Bureau/npds_dune_n2-main/npds_dune_n2/npds/View/Engines/PhpEngine.php(23): Npds\View\Engines\PhpEngine->evaluatePath()
#12 /home/nicolas/Bureau/npds_dune_n2-main/npds_dune_n2/npds/View/View.php(155): Npds\View\Engines\PhpEngine->get()
#13 /home/nicolas/Bureau/npds_dune_n2-main/npds_dune_n2/npds/View/View.php(125): Npds\View\View->getContents()
#14 /home/nicolas/Bureau/npds_dune_n2-main/npds_dune_n2/npds/View/View.php(94): Npds\View\View->renderContents()
#15 /home/nicolas/Bureau/npds_dune_n2-main/npds_dune_n2/npds/Exceptions/Handler.php(136): Npds\View\View->render()
#16 /home/nicolas/Bureau/npds_dune_n2-main/npds_dune_n2/app/Exceptions/Handler.php(81): Npds\Exceptions\Handler->render()
#17 /home/nicolas/Bureau/npds_dune_n2-main/npds_dune_n2/npds/Exceptions/Handler.php(98): App\Exceptions\Handler->render()
#18 [internal function]: Npds\Exceptions\Handler->handleException()
#19 {main}
  thrown

        Code: 1

        File: /home/nicolas/Bureau/npds_dune_n2-main/npds_dune_n2/themes/NpdsBoostSK/Views/Partials/Header/Header.php

        Line: 37

        Stack trace:

        #0 /home/nicolas/Bureau/npds_dune_n2-main/npds_dune_n2/npds/Exceptions/Handler.php(147): Npds\Exceptions\Handler->fatalExceptionFromError()
#1 [internal function]: Npds\Exceptions\Handler->handleShutdown()
#2 {main}

        ---------

Exception information:

        Date: Sep 19, 2025 7:37AM

        Message: Non-static method App\Library\Theme\Theme::getTheme() cannot be called statically

        Code: 0

        File: /home/nicolas/Bureau/npds_dune_n2-main/npds_dune_n2/themes/NpdsBoostSK/Library/NpdsBoostSK.php

        Line: 278

        Stack trace:

        #0 [internal function]: Themes\NpdsBoostSK\Library\NpdsBoostSK->header()
#1 /home/nicolas/Bureau/npds_dune_n2-main/npds_dune_n2/themes/NpdsBoostSK/Support/Facades/NpdsBoostSK.php(26): call_user_func_array()
#2 /home/nicolas/Bureau/npds_dune_n2-main/npds_dune_n2/themes/NpdsBoostSK/Views/Layouts/Default.php(49): Themes\NpdsBoostSK\Support\Facades\NpdsBoostSK::__callStatic()
#3 /home/nicolas/Bureau/npds_dune_n2-main/npds_dune_n2/npds/View/Engines/PhpEngine.php(61): include('...')
#4 /home/nicolas/Bureau/npds_dune_n2-main/npds_dune_n2/npds/View/Engines/PhpEngine.php(23): Npds\View\Engines\PhpEngine->evaluatePath()
#5 /home/nicolas/Bureau/npds_dune_n2-main/npds_dune_n2/npds/View/View.php(155): Npds\View\Engines\PhpEngine->get()
#6 /home/nicolas/Bureau/npds_dune_n2-main/npds_dune_n2/npds/View/View.php(125): Npds\View\View->getContents()
#7 /home/nicolas/Bureau/npds_dune_n2-main/npds_dune_n2/npds/View/View.php(94): Npds\View\View->renderContents()
#8 /home/nicolas/Bureau/npds_dune_n2-main/npds_dune_n2/npds/Exceptions/Handler.php(136): Npds\View\View->render()
#9 /home/nicolas/Bureau/npds_dune_n2-main/npds_dune_n2/app/Exceptions/Handler.php(81): Npds\Exceptions\Handler->render()
#10 /home/nicolas/Bureau/npds_dune_n2-main/npds_dune_n2/npds/Exceptions/Handler.php(98): App\Exceptions\Handler->render()
#11 /home/nicolas/Bureau/npds_dune_n2-main/npds_dune_n2/public/index.php(161): Npds\Exceptions\Handler->handleException()
#12 /home/nicolas/Bureau/npds_dune_n2-main/npds_dune_n2/server.php(21): require_once('...')
#13 {main}

        ---------

Exception information:

        Date: Sep 19, 2025 7:37AM

        Message: Uncaught Error: Non-static method App\Library\Theme\Theme::getTheme() cannot be called statically in /home/nicolas/Bureau/npds_dune_n2-main/npds_dune_n2/themes/NpdsBoostSK/Library/NpdsBoostSK.php:278
Stack trace:
#0 [internal function]: Themes\NpdsBoostSK\Library\NpdsBoostSK->header()
#1 /home/nicolas/Bureau/npds_dune_n2-main/npds_dune_n2/themes/NpdsBoostSK/Support/Facades/NpdsBoostSK.php(26): call_user_func_array()
#2 /home/nicolas/Bureau/npds_dune_n2-main/npds_dune_n2/themes/NpdsBoostSK/Views/Layouts/Default.php(49): Themes\NpdsBoostSK\Support\Facades\NpdsBoostSK::__callStatic()
#3 /home/nicolas/Bureau/npds_dune_n2-main/npds_dune_n2/npds/View/Engines/PhpEngine.php(61): include('...')
#4 /home/nicolas/Bureau/npds_dune_n2-main/npds_dune_n2/npds/View/Engines/PhpEngine.php(23): Npds\View\Engines\PhpEngine->evaluatePath()
#5 /home/nicolas/Bureau/npds_dune_n2-main/npds_dune_n2/npds/View/View.php(155): Npds\View\Engines\PhpEngine->get()
#6 /home/nicolas/Bureau/npds_dune_n2-main/npds_dune_n2/npds/View/View.php(125): Npds\View\View->getContents()
#7 /home/nicolas/Bureau/npds_dune_n2-main/npds_dune_n2/npds/View/View.php(94): Npds\View\View->renderContents()
#8 /home/nicolas/Bureau/npds_dune_n2-main/npds_dune_n2/npds/Exceptions/Handler.php(136): Npds\View\View->render()
#9 /home/nicolas/Bureau/npds_dune_n2-main/npds_dune_n2/app/Exceptions/Handler.php(81): Npds\Exceptions\Handler->render()
#10 /home/nicolas/Bureau/npds_dune_n2-main/npds_dune_n2/npds/Exceptions/Handler.php(98): App\Exceptions\Handler->render()
#11 [internal function]: Npds\Exceptions\Handler->handleException()
#12 {main}
  thrown

        Code: 1

        File: /home/nicolas/Bureau/npds_dune_n2-main/npds_dune_n2/themes/NpdsBoostSK/Library/NpdsBoostSK.php

        Line: 278

        Stack trace:

        #0 /home/nicolas/Bureau/npds_dune_n2-main/npds_dune_n2/npds/Exceptions/Handler.php(147): Npds\Exceptions\Handler->fatalExceptionFromError()
#1 [internal function]: Npds\Exceptions\Handler->handleShutdown()
#2 {main}

        ---------

Exception information:

        Date: Sep 19, 2025 7:38AM

        Message: Class "Themes\NpdsBoostSK\Library\Theme" not found

        Code: 0

        File: /home/nicolas/Bureau/npds_dune_n2-main/npds_dune_n2/themes/NpdsBoostSK/Library/NpdsBoostSK.php

        Line: 45

        Stack trace:

        #0 /home/nicolas/Bureau/npds_dune_n2-main/npds_dune_n2/themes/NpdsBoostSK/Library/NpdsBoostSK.php(59): Themes\NpdsBoostSK\Library\NpdsBoostSK->__construct()
#1 /home/nicolas/Bureau/npds_dune_n2-main/npds_dune_n2/themes/NpdsBoostSK/Support/Facades/NpdsBoostSK.php(24): Themes\NpdsBoostSK\Library\NpdsBoostSK::getInstance()
#2 /home/nicolas/Bureau/npds_dune_n2-main/npds_dune_n2/themes/NpdsBoostSK/Views/Layouts/Default.php(49): Themes\NpdsBoostSK\Support\Facades\NpdsBoostSK::__callStatic()
#3 /home/nicolas/Bureau/npds_dune_n2-main/npds_dune_n2/npds/View/Engines/PhpEngine.php(61): include('...')
#4 /home/nicolas/Bureau/npds_dune_n2-main/npds_dune_n2/npds/View/Engines/PhpEngine.php(23): Npds\View\Engines\PhpEngine->evaluatePath()
#5 /home/nicolas/Bureau/npds_dune_n2-main/npds_dune_n2/npds/View/View.php(155): Npds\View\Engines\PhpEngine->get()
#6 /home/nicolas/Bureau/npds_dune_n2-main/npds_dune_n2/npds/View/View.php(125): Npds\View\View->getContents()
#7 /home/nicolas/Bureau/npds_dune_n2-main/npds_dune_n2/npds/View/View.php(94): Npds\View\View->renderContents()
#8 /home/nicolas/Bureau/npds_dune_n2-main/npds_dune_n2/npds/Exceptions/Handler.php(136): Npds\View\View->render()
#9 /home/nicolas/Bureau/npds_dune_n2-main/npds_dune_n2/app/Exceptions/Handler.php(81): Npds\Exceptions\Handler->render()
#10 /home/nicolas/Bureau/npds_dune_n2-main/npds_dune_n2/npds/Exceptions/Handler.php(98): App\Exceptions\Handler->render()
#11 /home/nicolas/Bureau/npds_dune_n2-main/npds_dune_n2/public/index.php(161): Npds\Exceptions\Handler->handleException()
#12 /home/nicolas/Bureau/npds_dune_n2-main/npds_dune_n2/server.php(21): require_once('...')
#13 {main}

        ---------

Exception information:

        Date: Sep 19, 2025 7:38AM

        Message: Uncaught Error: Class "Themes\NpdsBoostSK\Library\Theme" not found in /home/nicolas/Bureau/npds_dune_n2-main/npds_dune_n2/themes/NpdsBoostSK/Library/NpdsBoostSK.php:45
Stack trace:
#0 /home/nicolas/Bureau/npds_dune_n2-main/npds_dune_n2/themes/NpdsBoostSK/Library/NpdsBoostSK.php(59): Themes\NpdsBoostSK\Library\NpdsBoostSK->__construct()
#1 /home/nicolas/Bureau/npds_dune_n2-main/npds_dune_n2/themes/NpdsBoostSK/Support/Facades/NpdsBoostSK.php(24): Themes\NpdsBoostSK\Library\NpdsBoostSK::getInstance()
#2 /home/nicolas/Bureau/npds_dune_n2-main/npds_dune_n2/themes/NpdsBoostSK/Views/Layouts/Default.php(49): Themes\NpdsBoostSK\Support\Facades\NpdsBoostSK::__callStatic()
#3 /home/nicolas/Bureau/npds_dune_n2-main/npds_dune_n2/npds/View/Engines/PhpEngine.php(61): include('...')
#4 /home/nicolas/Bureau/npds_dune_n2-main/npds_dune_n2/npds/View/Engines/PhpEngine.php(23): Npds\View\Engines\PhpEngine->evaluatePath()
#5 /home/nicolas/Bureau/npds_dune_n2-main/npds_dune_n2/npds/View/View.php(155): Npds\View\Engines\PhpEngine->get()
#6 /home/nicolas/Bureau/npds_dune_n2-main/npds_dune_n2/npds/View/View.php(125): Npds\View\View->getContents()
#7 /home/nicolas/Bureau/npds_dune_n2-main/npds_dune_n2/npds/View/View.php(94): Npds\View\View->renderContents()
#8 /home/nicolas/Bureau/npds_dune_n2-main/npds_dune_n2/npds/Exceptions/Handler.php(136): Npds\View\View->render()
#9 /home/nicolas/Bureau/npds_dune_n2-main/npds_dune_n2/app/Exceptions/Handler.php(81): Npds\Exceptions\Handler->render()
#10 /home/nicolas/Bureau/npds_dune_n2-main/npds_dune_n2/npds/Exceptions/Handler.php(98): App\Exceptions\Handler->render()
#11 [internal function]: Npds\Exceptions\Handler->handleException()
#12 {main}
  thrown

        Code: 1

        File: /home/nicolas/Bureau/npds_dune_n2-main/npds_dune_n2/themes/NpdsBoostSK/Library/NpdsBoostSK.php

        Line: 45

        Stack trace:

        #0 /home/nicolas/Bureau/npds_dune_n2-main/npds_dune_n2/npds/Exceptions/Handler.php(147): Npds\Exceptions\Handler->fatalExceptionFromError()
#1 [internal function]: Npds\Exceptions\Handler->handleShutdown()
#2 {main}

        ---------

Exception information:

        Date: Sep 19, 2025 7:43AM

        Message: Call to undefined function App\Http\Controllers\DevTest\toto()

        Code: 0

        File: /home/nicolas/Bureau/npds_dune_n2-main/npds_dune_n2/app/Http/Controllers/DevTest/Home.php

        Line: 43

        Stack trace:

        #0 [internal function]: App\Http\Controllers\DevTest\Home->index()
#1 /home/nicolas/Bureau/npds_dune_n2-main/npds_dune_n2/app/Http/Controllers/Core/BaseController.php(113): call_user_func_array()
#2 /home/nicolas/Bureau/npds_dune_n2-main/npds_dune_n2/npds/Routing/Router.php(236): App\Http\Controllers\Core\BaseController->callAction()
#3 /home/nicolas/Bureau/npds_dune_n2-main/npds_dune_n2/npds/Routing/Router.php(138): Npds\Routing\Router->call()
#4 /home/nicolas/Bureau/npds_dune_n2-main/npds_dune_n2/public/index.php(142): Npds\Routing\Router->dispatch()
#5 /home/nicolas/Bureau/npds_dune_n2-main/npds_dune_n2/server.php(21): require_once('...')
#6 {main}

        ---------

Exception information:

        Date: Sep 19, 2025 7:47AM

        Message: Call to undefined function App\Http\Controllers\DevTest\toto()

        Code: 0

        File: /home/nicolas/Bureau/npds_dune_n2-main/npds_dune_n2/app/Http/Controllers/DevTest/Home.php

        Line: 43

        Stack trace:

        #0 [internal function]: App\Http\Controllers\DevTest\Home->index()
#1 /home/nicolas/Bureau/npds_dune_n2-main/npds_dune_n2/app/Http/Controllers/Core/BaseController.php(113): call_user_func_array()
#2 /home/nicolas/Bureau/npds_dune_n2-main/npds_dune_n2/npds/Routing/Router.php(236): App\Http\Controllers\Core\BaseController->callAction()
#3 /home/nicolas/Bureau/npds_dune_n2-main/npds_dune_n2/npds/Routing/Router.php(138): Npds\Routing\Router->call()
#4 /home/nicolas/Bureau/npds_dune_n2-main/npds_dune_n2/public/index.php(142): Npds\Routing\Router->dispatch()
#5 /home/nicolas/Bureau/npds_dune_n2-main/npds_dune_n2/server.php(21): require_once('...')
#6 {main}

        ---------

Exception information:

        Date: Sep 19, 2025 7:47AM

        Message: Call to undefined function App\Http\Controllers\DevTest\toto()

        Code: 0

        File: /home/nicolas/Bureau/npds_dune_n2-main/npds_dune_n2/app/Http/Controllers/DevTest/Home.php

        Line: 43

        Stack trace:

        #0 [internal function]: App\Http\Controllers\DevTest\Home->index()
#1 /home/nicolas/Bureau/npds_dune_n2-main/npds_dune_n2/app/Http/Controllers/Core/BaseController.php(113): call_user_func_array()
#2 /home/nicolas/Bureau/npds_dune_n2-main/npds_dune_n2/npds/Routing/Router.php(236): App\Http\Controllers\Core\BaseController->callAction()
#3 /home/nicolas/Bureau/npds_dune_n2-main/npds_dune_n2/npds/Routing/Router.php(138): Npds\Routing\Router->call()
#4 /home/nicolas/Bureau/npds_dune_n2-main/npds_dune_n2/public/index.php(142): Npds\Routing\Router->dispatch()
#5 /home/nicolas/Bureau/npds_dune_n2-main/npds_dune_n2/server.php(21): require_once('...')
#6 {main}

        ---------

Exception information:

        Date: Sep 19, 2025 7:49AM

        Message: Call to undefined function App\Http\Controllers\DevTest\toto()

        Code: 0

        File: /home/nicolas/Bureau/npds_dune_n2-main/npds_dune_n2/app/Http/Controllers/DevTest/Home.php

        Line: 43

        Stack trace:

        #0 [internal function]: App\Http\Controllers\DevTest\Home->index()
#1 /home/nicolas/Bureau/npds_dune_n2-main/npds_dune_n2/app/Http/Controllers/Core/BaseController.php(113): call_user_func_array()
#2 /home/nicolas/Bureau/npds_dune_n2-main/npds_dune_n2/npds/Routing/Router.php(236): App\Http\Controllers\Core\BaseController->callAction()
#3 /home/nicolas/Bureau/npds_dune_n2-main/npds_dune_n2/npds/Routing/Router.php(138): Npds\Routing\Router->call()
#4 /home/nicolas/Bureau/npds_dune_n2-main/npds_dune_n2/public/index.php(142): Npds\Routing\Router->dispatch()
#5 /home/nicolas/Bureau/npds_dune_n2-main/npds_dune_n2/server.php(21): require_once('...')
#6 {main}

        ---------

